<?xml version="1.0" encoding="UTF-8"?>
<testng-results skipped="0" failed="1" total="1" passed="0">
  <reporter-output>
  </reporter-output>
  <suite name="Default suite" duration-ms="30419" started-at="2017-06-14T10:34:40Z" finished-at="2017-06-14T10:35:10Z">
    <groups>
    </groups>
    <test name="Default test" duration-ms="30419" started-at="2017-06-14T10:34:40Z" finished-at="2017-06-14T10:35:10Z">
      <class name="com.flipkart.SampleTestNGTest">
        <test-method status="PASS" signature="beforeTest()[pri:0, instance:com.flipkart.SampleTestNGTest@3fee9989]" name="beforeTest" is-config="true" duration-ms="14198" started-at="2017-06-14T16:04:40Z" finished-at="2017-06-14T16:04:54Z">
          <reporter-output>
          </reporter-output>
        </test-method> <!-- beforeTest -->
        <test-method status="FAIL" signature="test()[pri:0, instance:com.flipkart.SampleTestNGTest@3fee9989]" name="test" duration-ms="13906" started-at="2017-06-14T16:04:54Z" finished-at="2017-06-14T16:05:08Z">
          <exception class="org.openqa.selenium.WebDriverException">
            <message>
              <![CDATA[Method has not yet been implemented (WARNING: The server did not provide any stacktrace information)
Command duration or timeout: 14 milliseconds
Build info: version: '2.46.0', revision: '61506a4624b13675f24581e453592342b7485d71', time: '2015-06-04 10:22:50'
System info: host: 'IBASE123', ip: '169.254.53.104', os.name: 'Windows 10', os.arch: 'amd64', os.version: '10.0', java.version: '1.8.0_101'
Driver info: io.appium.java_client.android.AndroidDriver
Capabilities [{app=D:\IBaseDev\Applications\aws-device_farm\apk\flipkart_5.4.apk, appPackage=com.flipkart.android, deviceScreenSize=720x1280, networkConnectionEnabled=true, warnings={}, appWaitPackage=com.flipkart.android, appWaitActivity=com.flipkart.android.SplashActivity, databaseEnabled=false, deviceName=917ad451, platform=LINUX, deviceUDID=917ad451, appActivity=com.flipkart.android.SplashActivity, desired={app=D:\IBaseDev\Applications\aws-device_farm\apk\flipkart_5.4.apk, flatformName=android, udid=917ad451, platformName=Android, deviceName=device}, platformVersion=5.0.2, webStorageEnabled=false, locationContextEnabled=false, takesScreenshot=true, javascriptEnabled=true, flatformName=android, deviceModel=YU5010, udid=917ad451, platformName=Android, deviceManufacturer=YU}]
Session ID: d420e560-6448-4e27-80fb-5e2efb28b309]]>
            </message>
            <full-stacktrace>
              <![CDATA[org.openqa.selenium.WebDriverException: Method has not yet been implemented (WARNING: The server did not provide any stacktrace information)
Command duration or timeout: 14 milliseconds
Build info: version: '2.46.0', revision: '61506a4624b13675f24581e453592342b7485d71', time: '2015-06-04 10:22:50'
System info: host: 'IBASE123', ip: '169.254.53.104', os.name: 'Windows 10', os.arch: 'amd64', os.version: '10.0', java.version: '1.8.0_101'
Driver info: io.appium.java_client.android.AndroidDriver
Capabilities [{app=D:\IBaseDev\Applications\aws-device_farm\apk\flipkart_5.4.apk, appPackage=com.flipkart.android, deviceScreenSize=720x1280, networkConnectionEnabled=true, warnings={}, appWaitPackage=com.flipkart.android, appWaitActivity=com.flipkart.android.SplashActivity, databaseEnabled=false, deviceName=917ad451, platform=LINUX, deviceUDID=917ad451, appActivity=com.flipkart.android.SplashActivity, desired={app=D:\IBaseDev\Applications\aws-device_farm\apk\flipkart_5.4.apk, flatformName=android, udid=917ad451, platformName=Android, deviceName=device}, platformVersion=5.0.2, webStorageEnabled=false, locationContextEnabled=false, takesScreenshot=true, javascriptEnabled=true, flatformName=android, deviceModel=YU5010, udid=917ad451, platformName=Android, deviceManufacturer=YU}]
Session ID: d420e560-6448-4e27-80fb-5e2efb28b309
	at sun.reflect.NativeConstructorAccessorImpl.newInstance0(Native Method)
	at sun.reflect.NativeConstructorAccessorImpl.newInstance(NativeConstructorAccessorImpl.java:62)
	at sun.reflect.DelegatingConstructorAccessorImpl.newInstance(DelegatingConstructorAccessorImpl.java:45)
	at java.lang.reflect.Constructor.newInstance(Constructor.java:423)
	at org.openqa.selenium.remote.ErrorHandler.createThrowable(ErrorHandler.java:204)
	at org.openqa.selenium.remote.ErrorHandler.throwIfResponseFailed(ErrorHandler.java:156)
	at org.openqa.selenium.remote.RemoteWebDriver.execute(RemoteWebDriver.java:605)
	at io.appium.java_client.DefaultGenericMobileDriver.execute(DefaultGenericMobileDriver.java:27)
	at io.appium.java_client.AppiumDriver.execute(AppiumDriver.java:1)
	at io.appium.java_client.android.AndroidDriver.execute(AndroidDriver.java:1)
	at org.openqa.selenium.remote.RemoteWebElement.execute(RemoteWebElement.java:269)
	at io.appium.java_client.DefaultGenericMobileElement.execute(DefaultGenericMobileElement.java:27)
	at io.appium.java_client.MobileElement.execute(MobileElement.java:1)
	at io.appium.java_client.android.AndroidElement.execute(AndroidElement.java:1)
	at org.openqa.selenium.remote.RemoteWebElement.submit(RemoteWebElement.java:84)
	at com.flipkart.SampleTestNGTest.test(SampleTestNGTest.java:49)
	at sun.reflect.NativeMethodAccessorImpl.invoke0(Native Method)
	at sun.reflect.NativeMethodAccessorImpl.invoke(NativeMethodAccessorImpl.java:62)
	at sun.reflect.DelegatingMethodAccessorImpl.invoke(DelegatingMethodAccessorImpl.java:43)
	at java.lang.reflect.Method.invoke(Method.java:498)
	at org.testng.internal.MethodInvocationHelper.invokeMethod(MethodInvocationHelper.java:84)
	at org.testng.internal.Invoker.invokeMethod(Invoker.java:714)
	at org.testng.internal.Invoker.invokeTestMethod(Invoker.java:901)
	at org.testng.internal.Invoker.invokeTestMethods(Invoker.java:1231)
	at org.testng.internal.TestMethodWorker.invokeTestMethods(TestMethodWorker.java:127)
	at org.testng.internal.TestMethodWorker.run(TestMethodWorker.java:111)
	at org.testng.TestRunner.privateRun(TestRunner.java:767)
	at org.testng.TestRunner.run(TestRunner.java:617)
	at org.testng.SuiteRunner.runTest(SuiteRunner.java:348)
	at org.testng.SuiteRunner.runSequentially(SuiteRunner.java:343)
	at org.testng.SuiteRunner.privateRun(SuiteRunner.java:305)
	at org.testng.SuiteRunner.run(SuiteRunner.java:254)
	at org.testng.SuiteRunnerWorker.runSuite(SuiteRunnerWorker.java:52)
	at org.testng.SuiteRunnerWorker.run(SuiteRunnerWorker.java:86)
	at org.testng.TestNG.runSuitesSequentially(TestNG.java:1224)
	at org.testng.TestNG.runSuitesLocally(TestNG.java:1149)
	at org.testng.TestNG.run(TestNG.java:1057)
	at org.testng.remote.AbstractRemoteTestNG.run(AbstractRemoteTestNG.java:126)
	at org.testng.remote.RemoteTestNG.initAndRun(RemoteTestNG.java:137)
	at org.testng.remote.RemoteTestNG.main(RemoteTestNG.java:58)
]]>
            </full-stacktrace>
          </exception> <!-- org.openqa.selenium.WebDriverException -->
          <reporter-output>
          </reporter-output>
        </test-method> <!-- test -->
        <test-method status="PASS" signature="afterMethod()[pri:0, instance:com.flipkart.SampleTestNGTest@3fee9989]" name="afterMethod" is-config="true" duration-ms="2270" started-at="2017-06-14T16:05:08Z" finished-at="2017-06-14T16:05:10Z">
          <reporter-output>
          </reporter-output>
        </test-method> <!-- afterMethod -->
      </class> <!-- com.flipkart.SampleTestNGTest -->
    </test> <!-- Default test -->
  </suite> <!-- Default suite -->
</testng-results>
